# JRE version: OpenJDK Runtime Environment Microsoft-8035246 (17.0.8+7) (build 17.0.8+7-LTS)
# Java VM: OpenJDK 64-Bit Server VM Microsoft-8035246 (17.0.8+7-LTS, mixed mode, sharing, tiered, compressed oops, compressed class ptrs, g1 gc, windows-amd64)
GC Precious Log:
 CPUs: 4 total, 4 available
 Memory: 8071M
 Large Page Support: Disabled
 NUMA Support: Disabled
 Compressed Oops: Enabled (32-bit)
 Heap Region Size: 1M
 Heap Min Capacity: 8M
 Heap Initial Capacity: 128M
 Heap Max Capacity: 2G
 Pre-touch: Disabled
 Parallel Workers: 4
 Concurrent Workers: 1
 Concurrent Refinement Workers: 4
 Periodic GC: Disabled
Heap:
 garbage-first heap   total 303104K, used 213910K [0x0000000080000000, 0x0000000100000000)
  region size 1024K, 8 young (8192K), 7 survivors (7168K)
 Metaspace       used 111037K, committed 112192K, reserved 557056K
  class space    used 15306K, committed 15872K, reserved 425984K
GC Heap History (20 events):
Event: 92.839 GC heap before
{Heap before GC invocations=69 (full 0):
 garbage-first heap   total 251904K, used 208264K [0x0000000080000000, 0x0000000100000000)
  region size 1024K, 44 young (45056K), 7 survivors (7168K)
 Metaspace       used 102632K, committed 103680K, reserved 557056K
  class space    used 14396K, committed 14912K, reserved 425984K
}
Event: 92.899 GC heap after
{Heap after GC invocations=70 (full 0):
 garbage-first heap   total 251904K, used 178176K [0x0000000080000000, 0x0000000100000000)
  region size 1024K, 6 young (6144K), 6 survivors (6144K)
 Metaspace       used 102632K, committed 103680K, reserved 557056K
  class space    used 14396K, committed 14912K, reserved 425984K
}
Event: 95.485 GC heap before
{Heap before GC invocations=70 (full 0):
 garbage-first heap   total 251904K, used 209920K [0x0000000080000000, 0x0000000100000000)
  region size 1024K, 37 young (37888K), 6 survivors (6144K)
 Metaspace       used 104295K, committed 105344K, reserved 557056K
  class space    used 14645K, committed 15168K, reserved 425984K
}
Event: 95.537 GC heap after
{Heap after GC invocations=71 (full 0):
 garbage-first heap   total 251904K, used 182018K [0x0000000080000000, 0x0000000100000000)
  region size 1024K, 3 young (3072K), 3 survivors (3072K)
 Metaspace       used 104295K, committed 105344K, reserved 557056K
  class space    used 14645K, committed 15168K, reserved 425984K
}
Event: 96.962 GC heap before
{Heap before GC invocations=71 (full 0):
 garbage-first heap   total 251904K, used 211714K [0x0000000080000000, 0x0000000100000000)
  region size 1024K, 32 young (32768K), 3 survivors (3072K)
 Metaspace       used 107320K, committed 108352K, reserved 557056K
  class space    used 15036K, committed 15552K, reserved 425984K
}
Event: 96.976 GC heap after
{Heap after GC invocations=72 (full 0):
 garbage-first heap   total 251904K, used 184068K [0x0000000080000000, 0x0000000100000000)
  region size 1024K, 2 young (2048K), 2 survivors (2048K)
 Metaspace       used 107320K, committed 108352K, reserved 557056K
  class space    used 15036K, committed 15552K, reserved 425984K
}
Event: 98.488 GC heap before
{Heap before GC invocations=72 (full 0):
 garbage-first heap   total 251904K, used 213764K [0x0000000080000000, 0x0000000100000000)
  region size 1024K, 31 young (31744K), 2 survivors (2048K)
 Metaspace       used 108062K, committed 109184K, reserved 557056K
  class space    used 15113K, committed 15680K, reserved 425984K
}
Event: 98.502 GC heap after
{Heap after GC invocations=73 (full 0):
 garbage-first heap   total 251904K, used 188580K [0x0000000080000000, 0x0000000100000000)
  region size 1024K, 4 young (4096K), 4 survivors (4096K)
 Metaspace       used 108062K, committed 109184K, reserved 557056K
  class space    used 15113K, committed 15680K, reserved 425984K
}
Event: 99.150 GC heap before
{Heap before GC invocations=73 (full 0):
 garbage-first heap   total 251904K, used 214180K [0x0000000080000000, 0x0000000100000000)
  region size 1024K, 29 young (29696K), 4 survivors (4096K)
 Metaspace       used 108314K, committed 109440K, reserved 557056K
  class space    used 15129K, committed 15680K, reserved 425984K
}
Event: 99.165 GC heap after
{Heap after GC invocations=74 (full 0):
 garbage-first heap   total 251904K, used 191692K [0x0000000080000000, 0x0000000100000000)
  region size 1024K, 3 young (3072K), 3 survivors (3072K)
 Metaspace       used 108314K, committed 109440K, reserved 557056K
  class space    used 15129K, committed 15680K, reserved 425984K
}
Event: 99.767 GC heap before
{Heap before GC invocations=74 (full 0):
 garbage-first heap   total 251904K, used 215244K [0x0000000080000000, 0x0000000100000000)
  region size 1024K, 26 young (26624K), 3 survivors (3072K)
 Metaspace       used 108502K, committed 109632K, reserved 557056K
  class space    used 15144K, committed 15680K, reserved 425984K
}
Event: 99.778 GC heap after
{Heap after GC invocations=75 (full 0):
 garbage-first heap   total 251904K, used 194095K [0x0000000080000000, 0x0000000100000000)
  region size 1024K, 3 young (3072K), 3 survivors (3072K)
 Metaspace       used 108502K, committed 109632K, reserved 557056K
  class space    used 15144K, committed 15680K, reserved 425984K
}
Event: 100.185 GC heap before
{Heap before GC invocations=75 (full 0):
 garbage-first heap   total 251904K, used 215599K [0x0000000080000000, 0x0000000100000000)
  region size 1024K, 25 young (25600K), 3 survivors (3072K)
 Metaspace       used 109060K, committed 110208K, reserved 557056K
  class space    used 15191K, committed 15744K, reserved 425984K
}
Event: 100.201 GC heap after
{Heap after GC invocations=76 (full 0):
 garbage-first heap   total 303104K, used 197669K [0x0000000080000000, 0x0000000100000000)
  region size 1024K, 4 young (4096K), 4 survivors (4096K)
 Metaspace       used 109060K, committed 110208K, reserved 557056K
  class space    used 15191K, committed 15744K, reserved 425984K
}
Event: 102.315 GC heap before
{Heap before GC invocations=76 (full 0):
 garbage-first heap   total 303104K, used 255013K [0x0000000080000000, 0x0000000100000000)
  region size 1024K, 56 young (57344K), 4 survivors (4096K)
 Metaspace       used 110543K, committed 111680K, reserved 557056K
  class space    used 15260K, committed 15808K, reserved 425984K
}
Event: 102.356 GC heap after
{Heap after GC invocations=77 (full 0):
 garbage-first heap   total 303104K, used 200690K [0x0000000080000000, 0x0000000100000000)
  region size 1024K, 7 young (7168K), 7 survivors (7168K)
 Metaspace       used 110543K, committed 111680K, reserved 557056K
  class space    used 15260K, committed 15808K, reserved 425984K
}
Event: 103.412 GC heap before
{Heap before GC invocations=77 (full 0):
 garbage-first heap   total 303104K, used 251890K [0x0000000080000000, 0x0000000100000000)
  region size 1024K, 58 young (59392K), 7 survivors (7168K)
 Metaspace       used 110937K, committed 112064K, reserved 557056K
  class space    used 15302K, committed 15872K, reserved 425984K
}
Event: 103.460 GC heap after
{Heap after GC invocations=78 (full 0):
 garbage-first heap   total 303104K, used 206834K [0x0000000080000000, 0x0000000100000000)
  region size 1024K, 8 young (8192K), 8 survivors (8192K)
 Metaspace       used 110937K, committed 112064K, reserved 557056K
  class space    used 15302K, committed 15872K, reserved 425984K
}
Event: 104.591 GC heap before
{Heap before GC invocations=78 (full 0):
 garbage-first heap   total 303104K, used 254962K [0x0000000080000000, 0x0000000100000000)
  region size 1024K, 55 young (56320K), 8 survivors (8192K)
 Metaspace       used 110959K, committed 112064K, reserved 557056K
  class space    used 15302K, committed 15872K, reserved 425984K
}
Event: 104.606 GC heap after
{Heap after GC invocations=79 (full 0):
 garbage-first heap   total 303104K, used 209962K [0x0000000080000000, 0x0000000100000000)
  region size 1024K, 3 young (3072K), 3 survivors (3072K)
 Metaspace       used 110959K, committed 112064K, reserved 557056K
  class space    used 15302K, committed 15872K, reserved 425984K
}

