# JRE version: OpenJDK Runtime Environment Microsoft-8035246 (17.0.8+7) (build 17.0.8+7-LTS)
# Java VM: OpenJDK 64-Bit Server VM Microsoft-8035246 (17.0.8+7-LTS, mixed mode, sharing, tiered, compressed oops, compressed class ptrs, g1 gc, windows-amd64)
GC Precious Log:
 CPUs: 4 total, 4 available
 Memory: 8071M
 Large Page Support: Disabled
 NUMA Support: Disabled
 Compressed Oops: Enabled (32-bit)
 Heap Region Size: 1M
 Heap Min Capacity: 8M
 Heap Initial Capacity: 128M
 Heap Max Capacity: 2G
 Pre-touch: Disabled
 Parallel Workers: 4
 Concurrent Workers: 1
 Concurrent Refinement Workers: 4
 Periodic GC: Disabled
Heap:
 garbage-first heap   total 264192K, used 226778K [0x0000000080000000, 0x0000000100000000)
  region size 1024K, 18 young (18432K), 2 survivors (2048K)
 Metaspace       used 111065K, committed 112128K, reserved 557056K
  class space    used 15294K, committed 15808K, reserved 425984K
GC Heap History (20 events):
Event: 116.372 GC heap before
{Heap before GC invocations=66 (full 0):
 garbage-first heap   total 264192K, used 219857K [0x0000000080000000, 0x0000000100000000)
  region size 1024K, 57 young (58368K), 4 survivors (4096K)
 Metaspace       used 102562K, committed 103616K, reserved 557056K
  class space    used 14384K, committed 14912K, reserved 425984K
}
Event: 116.390 GC heap after
{Heap after GC invocations=67 (full 0):
 garbage-first heap   total 264192K, used 179020K [0x0000000080000000, 0x0000000100000000)
  region size 1024K, 8 young (8192K), 8 survivors (8192K)
 Metaspace       used 102562K, committed 103616K, reserved 557056K
  class space    used 14384K, committed 14912K, reserved 425984K
}
Event: 118.071 GC heap before
{Heap before GC invocations=67 (full 0):
 garbage-first heap   total 264192K, used 218956K [0x0000000080000000, 0x0000000100000000)
  region size 1024K, 47 young (48128K), 8 survivors (8192K)
 Metaspace       used 104625K, committed 105728K, reserved 557056K
  class space    used 14710K, committed 15232K, reserved 425984K
}
Event: 118.088 GC heap after
{Heap after GC invocations=68 (full 0):
 garbage-first heap   total 264192K, used 183547K [0x0000000080000000, 0x0000000100000000)
  region size 1024K, 4 young (4096K), 4 survivors (4096K)
 Metaspace       used 104625K, committed 105728K, reserved 557056K
  class space    used 14710K, committed 15232K, reserved 425984K
}
Event: 120.724 GC heap before
{Heap before GC invocations=68 (full 0):
 garbage-first heap   total 264192K, used 221435K [0x0000000080000000, 0x0000000100000000)
  region size 1024K, 41 young (41984K), 4 survivors (4096K)
 Metaspace       used 107690K, committed 108864K, reserved 557056K
  class space    used 15061K, committed 15616K, reserved 425984K
}
Event: 120.745 GC heap after
{Heap after GC invocations=69 (full 0):
 garbage-first heap   total 264192K, used 187285K [0x0000000080000000, 0x0000000100000000)
  region size 1024K, 4 young (4096K), 4 survivors (4096K)
 Metaspace       used 107690K, committed 108864K, reserved 557056K
  class space    used 15061K, committed 15616K, reserved 425984K
}
Event: 122.773 GC heap before
{Heap before GC invocations=69 (full 0):
 garbage-first heap   total 264192K, used 223125K [0x0000000080000000, 0x0000000100000000)
  region size 1024K, 39 young (39936K), 4 survivors (4096K)
 Metaspace       used 108309K, committed 109376K, reserved 557056K
  class space    used 15120K, committed 15616K, reserved 425984K
}
Event: 122.797 GC heap after
{Heap after GC invocations=70 (full 0):
 garbage-first heap   total 264192K, used 192483K [0x0000000080000000, 0x0000000100000000)
  region size 1024K, 5 young (5120K), 5 survivors (5120K)
 Metaspace       used 108309K, committed 109376K, reserved 557056K
  class space    used 15120K, committed 15616K, reserved 425984K
}
Event: 123.950 GC heap before
{Heap before GC invocations=70 (full 0):
 garbage-first heap   total 264192K, used 224227K [0x0000000080000000, 0x0000000100000000)
  region size 1024K, 36 young (36864K), 5 survivors (5120K)
 Metaspace       used 108534K, committed 109632K, reserved 557056K
  class space    used 15137K, committed 15680K, reserved 425984K
}
Event: 123.966 GC heap after
{Heap after GC invocations=71 (full 0):
 garbage-first heap   total 264192K, used 195860K [0x0000000080000000, 0x0000000100000000)
  region size 1024K, 4 young (4096K), 4 survivors (4096K)
 Metaspace       used 108534K, committed 109632K, reserved 557056K
  class space    used 15137K, committed 15680K, reserved 425984K
}
Event: 125.494 GC heap before
{Heap before GC invocations=71 (full 0):
 garbage-first heap   total 264192K, used 230676K [0x0000000080000000, 0x0000000100000000)
  region size 1024K, 34 young (34816K), 4 survivors (4096K)
 Metaspace       used 110287K, committed 111360K, reserved 557056K
  class space    used 15235K, committed 15744K, reserved 425984K
}
Event: 125.511 GC heap after
{Heap after GC invocations=72 (full 0):
 garbage-first heap   total 264192K, used 200811K [0x0000000080000000, 0x0000000100000000)
  region size 1024K, 5 young (5120K), 5 survivors (5120K)
 Metaspace       used 110287K, committed 111360K, reserved 557056K
  class space    used 15235K, committed 15744K, reserved 425984K
}
Event: 126.873 GC heap before
{Heap before GC invocations=72 (full 0):
 garbage-first heap   total 264192K, used 225387K [0x0000000080000000, 0x0000000100000000)
  region size 1024K, 30 young (30720K), 5 survivors (5120K)
 Metaspace       used 110552K, committed 111744K, reserved 557056K
  class space    used 15252K, committed 15808K, reserved 425984K
}
Event: 126.885 GC heap after
{Heap after GC invocations=73 (full 0):
 garbage-first heap   total 264192K, used 202752K [0x0000000080000000, 0x0000000100000000)
  region size 1024K, 2 young (2048K), 2 survivors (2048K)
 Metaspace       used 110552K, committed 111744K, reserved 557056K
  class space    used 15252K, committed 15808K, reserved 425984K
}
Event: 130.067 GC heap before
{Heap before GC invocations=73 (full 0):
 garbage-first heap   total 264192K, used 226304K [0x0000000080000000, 0x0000000100000000)
  region size 1024K, 26 young (26624K), 2 survivors (2048K)
 Metaspace       used 110983K, committed 112064K, reserved 557056K
  class space    used 15293K, committed 15808K, reserved 425984K
}
Event: 130.076 GC heap after
{Heap after GC invocations=74 (full 0):
 garbage-first heap   total 264192K, used 204216K [0x0000000080000000, 0x0000000100000000)
  region size 1024K, 4 young (4096K), 4 survivors (4096K)
 Metaspace       used 110983K, committed 112064K, reserved 557056K
  class space    used 15293K, committed 15808K, reserved 425984K
}
Event: 131.386 GC heap before
{Heap before GC invocations=74 (full 0):
 garbage-first heap   total 264192K, used 226744K [0x0000000080000000, 0x0000000100000000)
  region size 1024K, 27 young (27648K), 4 survivors (4096K)
 Metaspace       used 110990K, committed 112128K, reserved 557056K
  class space    used 15294K, committed 15808K, reserved 425984K
}
Event: 131.398 GC heap after
{Heap after GC invocations=75 (full 0):
 garbage-first heap   total 264192K, used 210661K [0x0000000080000000, 0x0000000100000000)
  region size 1024K, 4 young (4096K), 4 survivors (4096K)
 Metaspace       used 110990K, committed 112128K, reserved 557056K
  class space    used 15294K, committed 15808K, reserved 425984K
}
Event: 131.744 GC heap before
{Heap before GC invocations=75 (full 0):
 garbage-first heap   total 264192K, used 227045K [0x0000000080000000, 0x0000000100000000)
  region size 1024K, 21 young (21504K), 4 survivors (4096K)
 Metaspace       used 111028K, committed 112128K, reserved 557056K
  class space    used 15294K, committed 15808K, reserved 425984K
}
Event: 131.753 GC heap after
{Heap after GC invocations=76 (full 0):
 garbage-first heap   total 264192K, used 212442K [0x0000000080000000, 0x0000000100000000)
  region size 1024K, 2 young (2048K), 2 survivors (2048K)
 Metaspace       used 111028K, committed 112128K, reserved 557056K
  class space    used 15294K, committed 15808K, reserved 425984K
}

