# JRE version: OpenJDK Runtime Environment Microsoft-8035246 (17.0.8+7) (build 17.0.8+7-LTS)
# Java VM: OpenJDK 64-Bit Server VM Microsoft-8035246 (17.0.8+7-LTS, mixed mode, sharing, tiered, compressed oops, compressed class ptrs, g1 gc, windows-amd64)
GC Precious Log:
 CPUs: 4 total, 4 available
 Memory: 8071M
 Large Page Support: Disabled
 NUMA Support: Disabled
 Compressed Oops: Enabled (32-bit)
 Heap Region Size: 1M
 Heap Min Capacity: 8M
 Heap Initial Capacity: 128M
 Heap Max Capacity: 2G
 Pre-touch: Disabled
 Parallel Workers: 4
 Concurrent Workers: 1
 Concurrent Refinement Workers: 4
 Periodic GC: Disabled
Heap:
 garbage-first heap   total 314368K, used 259063K [0x0000000080000000, 0x0000000100000000)
  region size 1024K, 41 young (41984K), 3 survivors (3072K)
 Metaspace       used 112239K, committed 113536K, reserved 557056K
  class space    used 15416K, committed 16064K, reserved 425984K
GC Heap History (20 events):
Event: 117.716 GC heap before
{Heap before GC invocations=68 (full 0):
 garbage-first heap   total 229376K, used 193135K [0x0000000080000000, 0x0000000100000000)
  region size 1024K, 33 young (33792K), 5 survivors (5120K)
 Metaspace       used 103634K, committed 104768K, reserved 557056K
  class space    used 14489K, committed 15040K, reserved 425984K
}
Event: 117.732 GC heap after
{Heap after GC invocations=69 (full 0):
 garbage-first heap   total 229376K, used 169984K [0x0000000080000000, 0x0000000100000000)
  region size 1024K, 5 young (5120K), 5 survivors (5120K)
 Metaspace       used 103634K, committed 104768K, reserved 557056K
  class space    used 14489K, committed 15040K, reserved 425984K
}
Event: 118.270 GC heap before
{Heap before GC invocations=69 (full 0):
 garbage-first heap   total 229376K, used 194560K [0x0000000080000000, 0x0000000100000000)
  region size 1024K, 29 young (29696K), 5 survivors (5120K)
 Metaspace       used 103891K, committed 105024K, reserved 557056K
  class space    used 14519K, committed 15040K, reserved 425984K
}
Event: 118.287 GC heap after
{Heap after GC invocations=70 (full 0):
 garbage-first heap   total 229376K, used 178711K [0x0000000080000000, 0x0000000100000000)
  region size 1024K, 4 young (4096K), 4 survivors (4096K)
 Metaspace       used 103891K, committed 105024K, reserved 557056K
  class space    used 14519K, committed 15040K, reserved 425984K
}
Event: 118.679 GC heap before
{Heap before GC invocations=70 (full 0):
 garbage-first heap   total 229376K, used 194071K [0x0000000080000000, 0x0000000100000000)
  region size 1024K, 19 young (19456K), 4 survivors (4096K)
 Metaspace       used 104124K, committed 105280K, reserved 557056K
  class space    used 14543K, committed 15104K, reserved 425984K
}
Event: 118.694 GC heap after
{Heap after GC invocations=71 (full 0):
 garbage-first heap   total 275456K, used 181757K [0x0000000080000000, 0x0000000100000000)
  region size 1024K, 3 young (3072K), 3 survivors (3072K)
 Metaspace       used 104124K, committed 105280K, reserved 557056K
  class space    used 14543K, committed 15104K, reserved 425984K
}
Event: 120.439 GC heap before
{Heap before GC invocations=72 (full 0):
 garbage-first heap   total 314368K, used 225789K [0x0000000080000000, 0x0000000100000000)
  region size 1024K, 45 young (46080K), 3 survivors (3072K)
 Metaspace       used 104563K, committed 105728K, reserved 557056K
  class space    used 14598K, committed 15168K, reserved 425984K
}
Event: 120.458 GC heap after
{Heap after GC invocations=73 (full 0):
 garbage-first heap   total 314368K, used 191449K [0x0000000080000000, 0x0000000100000000)
  region size 1024K, 6 young (6144K), 6 survivors (6144K)
 Metaspace       used 104563K, committed 105728K, reserved 557056K
  class space    used 14598K, committed 15168K, reserved 425984K
}
Event: 120.687 GC heap before
{Heap before GC invocations=73 (full 0):
 garbage-first heap   total 314368K, used 200665K [0x0000000080000000, 0x0000000100000000)
  region size 1024K, 15 young (15360K), 6 survivors (6144K)
 Metaspace       used 105328K, committed 106560K, reserved 557056K
  class space    used 14712K, committed 15296K, reserved 425984K
}
Event: 120.702 GC heap after
{Heap after GC invocations=74 (full 0):
 garbage-first heap   total 314368K, used 189906K [0x0000000080000000, 0x0000000100000000)
  region size 1024K, 1 young (1024K), 1 survivors (1024K)
 Metaspace       used 105328K, committed 106560K, reserved 557056K
  class space    used 14712K, committed 15296K, reserved 425984K
}
Event: 123.061 GC heap before
{Heap before GC invocations=74 (full 0):
 garbage-first heap   total 314368K, used 255442K [0x0000000080000000, 0x0000000100000000)
  region size 1024K, 65 young (66560K), 1 survivors (1024K)
 Metaspace       used 109021K, committed 110272K, reserved 557056K
  class space    used 15207K, committed 15808K, reserved 425984K
}
Event: 123.085 GC heap after
{Heap after GC invocations=75 (full 0):
 garbage-first heap   total 314368K, used 196324K [0x0000000080000000, 0x0000000100000000)
  region size 1024K, 8 young (8192K), 8 survivors (8192K)
 Metaspace       used 109021K, committed 110272K, reserved 557056K
  class space    used 15207K, committed 15808K, reserved 425984K
}
Event: 124.918 GC heap before
{Heap before GC invocations=75 (full 0):
 garbage-first heap   total 314368K, used 256740K [0x0000000080000000, 0x0000000100000000)
  region size 1024K, 67 young (68608K), 8 survivors (8192K)
 Metaspace       used 109476K, committed 110656K, reserved 557056K
  class space    used 15228K, committed 15808K, reserved 425984K
}
Event: 124.946 GC heap after
{Heap after GC invocations=76 (full 0):
 garbage-first heap   total 314368K, used 202622K [0x0000000080000000, 0x0000000100000000)
  region size 1024K, 7 young (7168K), 7 survivors (7168K)
 Metaspace       used 109476K, committed 110656K, reserved 557056K
  class space    used 15228K, committed 15808K, reserved 425984K
}
Event: 126.629 GC heap before
{Heap before GC invocations=76 (full 0):
 garbage-first heap   total 314368K, used 264062K [0x0000000080000000, 0x0000000100000000)
  region size 1024K, 63 young (64512K), 7 survivors (7168K)
 Metaspace       used 111540K, committed 112832K, reserved 557056K
  class space    used 15364K, committed 16000K, reserved 425984K
}
Event: 126.651 GC heap after
{Heap after GC invocations=77 (full 0):
 garbage-first heap   total 314368K, used 210476K [0x0000000080000000, 0x0000000100000000)
  region size 1024K, 8 young (8192K), 8 survivors (8192K)
 Metaspace       used 111540K, committed 112832K, reserved 557056K
  class space    used 15364K, committed 16000K, reserved 425984K
}
Event: 128.152 GC heap before
{Heap before GC invocations=77 (full 0):
 garbage-first heap   total 314368K, used 260652K [0x0000000080000000, 0x0000000100000000)
  region size 1024K, 58 young (59392K), 8 survivors (8192K)
 Metaspace       used 112135K, committed 113408K, reserved 557056K
  class space    used 15416K, committed 16064K, reserved 425984K
}
Event: 128.179 GC heap after
{Heap after GC invocations=78 (full 0):
 garbage-first heap   total 314368K, used 218002K [0x0000000080000000, 0x0000000100000000)
  region size 1024K, 8 young (8192K), 8 survivors (8192K)
 Metaspace       used 112135K, committed 113408K, reserved 557056K
  class space    used 15416K, committed 16064K, reserved 425984K
}
Event: 129.087 GC heap before
{Heap before GC invocations=78 (full 0):
 garbage-first heap   total 314368K, used 262034K [0x0000000080000000, 0x0000000100000000)
  region size 1024K, 52 young (53248K), 8 survivors (8192K)
 Metaspace       used 112239K, committed 113536K, reserved 557056K
  class space    used 15416K, committed 16064K, reserved 425984K
}
Event: 129.103 GC heap after
{Heap after GC invocations=79 (full 0):
 garbage-first heap   total 314368K, used 221175K [0x0000000080000000, 0x0000000100000000)
  region size 1024K, 3 young (3072K), 3 survivors (3072K)
 Metaspace       used 112239K, committed 113536K, reserved 557056K
  class space    used 15416K, committed 16064K, reserved 425984K
}

