# JRE version: OpenJDK Runtime Environment Microsoft-8035246 (17.0.8+7) (build 17.0.8+7-LTS)
# Java VM: OpenJDK 64-Bit Server VM Microsoft-8035246 (17.0.8+7-LTS, mixed mode, sharing, tiered, compressed oops, compressed class ptrs, g1 gc, windows-amd64)
GC Precious Log:
 CPUs: 4 total, 4 available
 Memory: 8071M
 Large Page Support: Disabled
 NUMA Support: Disabled
 Compressed Oops: Enabled (32-bit)
 Heap Region Size: 1M
 Heap Min Capacity: 8M
 Heap Initial Capacity: 128M
 Heap Max Capacity: 2G
 Pre-touch: Disabled
 Parallel Workers: 4
 Concurrent Workers: 1
 Concurrent Refinement Workers: 4
 Periodic GC: Disabled
Heap:
 garbage-first heap   total 327680K, used 255054K [0x0000000080000000, 0x0000000100000000)
  region size 1024K, 59 young (60416K), 8 survivors (8192K)
 Metaspace       used 111035K, committed 112128K, reserved 557056K
  class space    used 15308K, committed 15808K, reserved 425984K
GC Heap History (20 events):
Event: 123.306 GC heap before
{Heap before GC invocations=67 (full 0):
 garbage-first heap   total 276480K, used 203058K [0x0000000080000000, 0x0000000100000000)
  region size 1024K, 57 young (58368K), 8 survivors (8192K)
 Metaspace       used 102072K, committed 103104K, reserved 557056K
  class space    used 14340K, committed 14848K, reserved 425984K
}
Event: 123.337 GC heap after
{Heap after GC invocations=68 (full 0):
 garbage-first heap   total 276480K, used 160581K [0x0000000080000000, 0x0000000100000000)
  region size 1024K, 8 young (8192K), 8 survivors (8192K)
 Metaspace       used 102072K, committed 103104K, reserved 557056K
  class space    used 14340K, committed 14848K, reserved 425984K
}
Event: 123.448 GC heap before
{Heap before GC invocations=68 (full 0):
 garbage-first heap   total 276480K, used 164677K [0x0000000080000000, 0x0000000100000000)
  region size 1024K, 13 young (13312K), 8 survivors (8192K)
 Metaspace       used 102118K, committed 103168K, reserved 557056K
  class space    used 14341K, committed 14848K, reserved 425984K
}
Event: 123.465 GC heap after
{Heap after GC invocations=69 (full 0):
 garbage-first heap   total 276480K, used 162076K [0x0000000080000000, 0x0000000100000000)
  region size 1024K, 2 young (2048K), 2 survivors (2048K)
 Metaspace       used 102118K, committed 103168K, reserved 557056K
  class space    used 14341K, committed 14848K, reserved 425984K
}
Event: 123.743 GC heap before
{Heap before GC invocations=69 (full 0):
 garbage-first heap   total 276480K, used 171292K [0x0000000080000000, 0x0000000100000000)
  region size 1024K, 12 young (12288K), 2 survivors (2048K)
 Metaspace       used 102203K, committed 103232K, reserved 557056K
  class space    used 14352K, committed 14848K, reserved 425984K
}
Event: 123.749 GC heap after
{Heap after GC invocations=70 (full 0):
 garbage-first heap   total 276480K, used 163853K [0x0000000080000000, 0x0000000100000000)
  region size 1024K, 4 young (4096K), 4 survivors (4096K)
 Metaspace       used 102203K, committed 103232K, reserved 557056K
  class space    used 14352K, committed 14848K, reserved 425984K
}
Event: 126.458 GC heap before
{Heap before GC invocations=71 (full 0):
 garbage-first heap   total 290816K, used 225293K [0x0000000080000000, 0x0000000100000000)
  region size 1024K, 62 young (63488K), 4 survivors (4096K)
 Metaspace       used 102809K, committed 103872K, reserved 557056K
  class space    used 14414K, committed 14912K, reserved 425984K
}
Event: 126.476 GC heap after
{Heap after GC invocations=72 (full 0):
 garbage-first heap   total 290816K, used 178036K [0x0000000080000000, 0x0000000100000000)
  region size 1024K, 8 young (8192K), 8 survivors (8192K)
 Metaspace       used 102809K, committed 103872K, reserved 557056K
  class space    used 14414K, committed 14912K, reserved 425984K
}
Event: 126.724 GC heap before
{Heap before GC invocations=72 (full 0):
 garbage-first heap   total 290816K, used 184180K [0x0000000080000000, 0x0000000100000000)
  region size 1024K, 14 young (14336K), 8 survivors (8192K)
 Metaspace       used 103138K, committed 104192K, reserved 557056K
  class space    used 14456K, committed 14976K, reserved 425984K
}
Event: 126.734 GC heap after
{Heap after GC invocations=73 (full 0):
 garbage-first heap   total 290816K, used 179066K [0x0000000080000000, 0x0000000100000000)
  region size 1024K, 1 young (1024K), 1 survivors (1024K)
 Metaspace       used 103138K, committed 104192K, reserved 557056K
  class space    used 14456K, committed 14976K, reserved 425984K
}
Event: 130.356 GC heap before
{Heap before GC invocations=73 (full 0):
 garbage-first heap   total 290816K, used 235386K [0x0000000080000000, 0x0000000100000000)
  region size 1024K, 56 young (57344K), 1 survivors (1024K)
 Metaspace       used 107747K, committed 108800K, reserved 557056K
  class space    used 15076K, committed 15552K, reserved 425984K
}
Event: 130.380 GC heap after
{Heap after GC invocations=74 (full 0):
 garbage-first heap   total 290816K, used 182668K [0x0000000080000000, 0x0000000100000000)
  region size 1024K, 5 young (5120K), 5 survivors (5120K)
 Metaspace       used 107747K, committed 108800K, reserved 557056K
  class space    used 15076K, committed 15552K, reserved 425984K
}
Event: 132.512 GC heap before
{Heap before GC invocations=75 (full 0):
 garbage-first heap   total 327680K, used 236940K [0x0000000080000000, 0x0000000100000000)
  region size 1024K, 58 young (59392K), 5 survivors (5120K)
 Metaspace       used 108435K, committed 109504K, reserved 557056K
  class space    used 15134K, committed 15616K, reserved 425984K
}
Event: 132.532 GC heap after
{Heap after GC invocations=76 (full 0):
 garbage-first heap   total 327680K, used 188490K [0x0000000080000000, 0x0000000100000000)
  region size 1024K, 8 young (8192K), 8 survivors (8192K)
 Metaspace       used 108435K, committed 109504K, reserved 557056K
  class space    used 15134K, committed 15616K, reserved 425984K
}
Event: 132.869 GC heap before
{Heap before GC invocations=76 (full 0):
 garbage-first heap   total 327680K, used 196682K [0x0000000080000000, 0x0000000100000000)
  region size 1024K, 16 young (16384K), 8 survivors (8192K)
 Metaspace       used 108545K, committed 109568K, reserved 557056K
  class space    used 15150K, committed 15616K, reserved 425984K
}
Event: 132.888 GC heap after
{Heap after GC invocations=77 (full 0):
 garbage-first heap   total 327680K, used 189905K [0x0000000080000000, 0x0000000100000000)
  region size 1024K, 2 young (2048K), 2 survivors (2048K)
 Metaspace       used 108545K, committed 109568K, reserved 557056K
  class space    used 15150K, committed 15616K, reserved 425984K
}
Event: 136.066 GC heap before
{Heap before GC invocations=77 (full 0):
 garbage-first heap   total 327680K, used 265681K [0x0000000080000000, 0x0000000100000000)
  region size 1024K, 72 young (73728K), 2 survivors (2048K)
 Metaspace       used 110612K, committed 111680K, reserved 557056K
  class space    used 15266K, committed 15744K, reserved 425984K
}
Event: 136.081 GC heap after
{Heap after GC invocations=78 (full 0):
 garbage-first heap   total 327680K, used 196041K [0x0000000080000000, 0x0000000100000000)
  region size 1024K, 8 young (8192K), 8 survivors (8192K)
 Metaspace       used 110612K, committed 111680K, reserved 557056K
  class space    used 15266K, committed 15744K, reserved 425984K
}
Event: 138.923 GC heap before
{Heap before GC invocations=78 (full 0):
 garbage-first heap   total 327680K, used 264649K [0x0000000080000000, 0x0000000100000000)
  region size 1024K, 76 young (77824K), 8 survivors (8192K)
 Metaspace       used 111035K, committed 112128K, reserved 557056K
  class space    used 15308K, committed 15808K, reserved 425984K
}
Event: 138.946 GC heap after
{Heap after GC invocations=79 (full 0):
 garbage-first heap   total 327680K, used 203854K [0x0000000080000000, 0x0000000100000000)
  region size 1024K, 8 young (8192K), 8 survivors (8192K)
 Metaspace       used 111035K, committed 112128K, reserved 557056K
  class space    used 15308K, committed 15808K, reserved 425984K
}

